Warning[205] C:\USERS\GABRIEL\DROPBOX\MICROCONTROLADORES\PROJETOS\AV3\PROJETO 2\ATV2_AV3.X\ATV2_AV3.ASM 8 : Found directive in column 1. (__CONFIG)
Message[305] C:\USERS\GABRIEL\DROPBOX\MICROCONTROLADORES\PROJETOS\AV3\PROJETO 2\ATV2_AV3.X\ATV2_AV3.ASM 119 : Using default destination of 1 (file).
Message[305] C:\USERS\GABRIEL\DROPBOX\MICROCONTROLADORES\PROJETOS\AV3\PROJETO 2\ATV2_AV3.X\ATV2_AV3.ASM 125 : Using default destination of 1 (file).
Message[302] C:\USERS\GABRIEL\DROPBOX\MICROCONTROLADORES\PROJETOS\AV3\PROJETO 2\ATV2_AV3.X\ATV2_AV3.ASM 171 : Register in operand not in bank 0.  Ensure that bank bits are correct.
Message[305] C:\USERS\GABRIEL\DROPBOX\MICROCONTROLADORES\PROJETOS\AV3\PROJETO 2\ATV2_AV3.X\ATV2_AV3.ASM 192 : Using default destination of 1 (file).
Message[305] C:\USERS\GABRIEL\DROPBOX\MICROCONTROLADORES\PROJETOS\AV3\PROJETO 2\ATV2_AV3.X\ATV2_AV3.ASM 205 : Using default destination of 1 (file).
Message[305] C:\USERS\GABRIEL\DROPBOX\MICROCONTROLADORES\PROJETOS\AV3\PROJETO 2\ATV2_AV3.X\ATV2_AV3.ASM 519 : Using default destination of 1 (file).
Message[305] C:\USERS\GABRIEL\DROPBOX\MICROCONTROLADORES\PROJETOS\AV3\PROJETO 2\ATV2_AV3.X\ATV2_AV3.ASM 528 : Using default destination of 1 (file).
Message[302] C:\USERS\GABRIEL\DROPBOX\MICROCONTROLADORES\PROJETOS\AV3\PROJETO 2\ATV2_AV3.X\ATV2_AV3.ASM 570 : Register in operand not in bank 0.  Ensure that bank bits are correct.
Message[302] C:\USERS\GABRIEL\DROPBOX\MICROCONTROLADORES\PROJETOS\AV3\PROJETO 2\ATV2_AV3.X\ATV2_AV3.ASM 572 : Register in operand not in bank 0.  Ensure that bank bits are correct.
Message[302] C:\USERS\GABRIEL\DROPBOX\MICROCONTROLADORES\PROJETOS\AV3\PROJETO 2\ATV2_AV3.X\ATV2_AV3.ASM 574 : Register in operand not in bank 0.  Ensure that bank bits are correct.
Message[302] C:\USERS\GABRIEL\DROPBOX\MICROCONTROLADORES\PROJETOS\AV3\PROJETO 2\ATV2_AV3.X\ATV2_AV3.ASM 576 : Register in operand not in bank 0.  Ensure that bank bits are correct.
Message[302] C:\USERS\GABRIEL\DROPBOX\MICROCONTROLADORES\PROJETOS\AV3\PROJETO 2\ATV2_AV3.X\ATV2_AV3.ASM 578 : Register in operand not in bank 0.  Ensure that bank bits are correct.
Message[302] C:\USERS\GABRIEL\DROPBOX\MICROCONTROLADORES\PROJETOS\AV3\PROJETO 2\ATV2_AV3.X\ATV2_AV3.ASM 582 : Register in operand not in bank 0.  Ensure that bank bits are correct.
Message[302] C:\USERS\GABRIEL\DROPBOX\MICROCONTROLADORES\PROJETOS\AV3\PROJETO 2\ATV2_AV3.X\ATV2_AV3.ASM 587 : Register in operand not in bank 0.  Ensure that bank bits are correct.
Message[302] C:\USERS\GABRIEL\DROPBOX\MICROCONTROLADORES\PROJETOS\AV3\PROJETO 2\ATV2_AV3.X\ATV2_AV3.ASM 590 : Register in operand not in bank 0.  Ensure that bank bits are correct.
Warning[203] C:\USERS\GABRIEL\DROPBOX\MICROCONTROLADORES\PROJETOS\AV3\PROJETO 2\ATV2_AV3.X\ATV2_AV3.ASM 603 : Found opcode in column 1. (CALL)
Warning[203] C:\USERS\GABRIEL\DROPBOX\MICROCONTROLADORES\PROJETOS\AV3\PROJETO 2\ATV2_AV3.X\ATV2_AV3.ASM 604 : Found opcode in column 1. (CALL)
Warning[203] C:\USERS\GABRIEL\DROPBOX\MICROCONTROLADORES\PROJETOS\AV3\PROJETO 2\ATV2_AV3.X\ATV2_AV3.ASM 605 : Found opcode in column 1. (CALL)
Warning[203] C:\USERS\GABRIEL\DROPBOX\MICROCONTROLADORES\PROJETOS\AV3\PROJETO 2\ATV2_AV3.X\ATV2_AV3.ASM 606 : Found opcode in column 1. (CALL)
Warning[203] C:\USERS\GABRIEL\DROPBOX\MICROCONTROLADORES\PROJETOS\AV3\PROJETO 2\ATV2_AV3.X\ATV2_AV3.ASM 607 : Found opcode in column 1. (MOVLW)
Warning[203] C:\USERS\GABRIEL\DROPBOX\MICROCONTROLADORES\PROJETOS\AV3\PROJETO 2\ATV2_AV3.X\ATV2_AV3.ASM 608 : Found opcode in column 1. (MOVWF)
Warning[203] C:\USERS\GABRIEL\DROPBOX\MICROCONTROLADORES\PROJETOS\AV3\PROJETO 2\ATV2_AV3.X\ATV2_AV3.ASM 609 : Found opcode in column 1. (CALL)
